<?xml version="1.0" encoding="UTF-8"?>
<testsuite name="Scenario: Verifying JLR Analytics DataLab login" tests="3" skipped="0" failures="0" errors="0" timestamp="2016-12-09T08:05:39" hostname="HW1438" time="26.238">
  <properties/>
  <testcase name="Given I am on JLR ADL login page" classname="Scenario: Verifying JLR Analytics DataLab login" time="0.001"/>
  <testcase name="And I login into JLR Analytic DataLab applicaton with valid &quot;tester@appsbroker.com&quot; and  &quot;Google11*&quot;" classname="Scenario: Verifying JLR Analytics DataLab login" time="0.0"/>
  <testcase name="classMethod" classname="Scenario: Verifying JLR Analytics DataLab login" time="34.439"/>
  <system-out><![CDATA[]]></system-out>
  <system-err><![CDATA[[Test worker] INFO net.serenitybdd.core.Serenity - 
 _____ _____ ____ _____   ____ _____  _    ____ _____ _____ ____  
|_   _| ____/ ___|_   _| / ___|_   _|/ \  |  _ \_   _| ____|  _ \ 
  | | |  _| \___ \ | |   \___ \ | | / _ \ | |_) || | |  _| | | | |
  | | | |___ ___) || |    ___) || |/ ___ \|  _ < | | | |___| |_| |
  |_| |_____|____/ |_|   |____/ |_/_/   \_\_| \_\|_| |_____|____/ 
                                                                  

TEST STARTED: Verifying JLR Analytics DataLab login
-------------------------------------------------------------------
]]></system-err>
</testsuite>
