<?xml version="1.0" encoding="UTF-8"?>
<testsuite name="Scenario: verify JLR login" tests="23" skipped="0" failures="0" errors="0" timestamp="2016-12-23T10:20:29" hostname="HW1438" time="181.566">
  <properties/>
  <testcase name="Given I am on JLR ADL login page" classname="Scenario: verify JLR login" time="0.001"/>
  <testcase name="And I login into JLR Analytic DataLab applicaton with valid &quot;username&quot; and  &quot;password&quot;" classname="Scenario: verify JLR login" time="0.0"/>
  <testcase name="When I clicked on &quot;New Data Feed Request&quot;" classname="Scenario: verify JLR login" time="0.0"/>
  <testcase name="Then I should see DataLab UploadSearch Data Feed Request form page" classname="Scenario: verify JLR login" time="0.0"/>
  <testcase name="Then I entered  RequestTitle" classname="Scenario: verify JLR login" time="0.0"/>
  <testcase name="Then I entered &quot;10&quot; as value of budget value" classname="Scenario: verify JLR login" time="0.001"/>
  <testcase name="And I selected project id as &quot;jlr-dev-dl&quot;" classname="Scenario: verify JLR login" time="0.0"/>
  <testcase name="And I entered FeedName as &quot;TestFeedName&quot;" classname="Scenario: verify JLR login" time="0.0"/>
  <testcase name="And I selected  destinationBucket as &quot;jlr-dev-dl-mft-test&quot;" classname="Scenario: verify JLR login" time="0.0"/>
  <testcase name="And I entered FolderName as &quot;TestFoldername&quot;" classname="Scenario: verify JLR login" time="0.0"/>
  <testcase name="And I selected FeedStatus as &quot;Active&quot;" classname="Scenario: verify JLR login" time="0.001"/>
  <testcase name="And I entered contactEmailAddress as &quot;tester@appsbroker.com&quot;" classname="Scenario: verify JLR login" time="0.0"/>
  <testcase name="And I entered Tags as &quot;myTestTags&quot;" classname="Scenario: verify JLR login" time="0.0"/>
  <testcase name="And I entered feedDescription &quot;samplefeeddescription&quot;" classname="Scenario: verify JLR login" time="0.0"/>
  <testcase name="And I entered dataOwner &quot;tester@test.com&quot;" classname="Scenario: verify JLR login" time="0.001"/>
  <testcase name="And I selected DataSensitivity as &quot;Proprietary&quot;" classname="Scenario: verify JLR login" time="0.0"/>
  <testcase name="And I selected ImportDataToBigQuery flag as &quot;Yes&quot;  and fill bigQuery definition values if yes" classname="Scenario: verify JLR login" time="0.001"/>
  <testcase name="And I entered supporting comments" classname="Scenario: verify JLR login" time="0.0"/>
  <testcase name="And I entered RemedyID  as &quot;INC123123123123&quot;" classname="Scenario: verify JLR login" time="0.0"/>
  <testcase name="And I cliked on submit" classname="Scenario: verify JLR login" time="0.0"/>
  <testcase name="When I logined as approver with valid &quot;user&quot; and &quot;password&quot;" classname="Scenario: verify JLR login" time="0.0"/>
  <testcase name="Then I should see the approval email and click on review" classname="Scenario: verify JLR login" time="0.001"/>
  <testcase name="classMethod" classname="Scenario: verify JLR login" time="200.123"/>
  <system-out><![CDATA[]]></system-out>
  <system-err><![CDATA[[Test worker] INFO net.serenitybdd.core.Serenity - 
 _____ _____ ____ _____   ____ _____  _    ____ _____ _____ ____  
|_   _| ____/ ___|_   _| / ___|_   _|/ \  |  _ \_   _| ____|  _ \ 
  | | |  _| \___ \ | |   \___ \ | | / _ \ | |_) || | |  _| | | | |
  | | | |___ ___) || |    ___) || |/ ___ \|  _ < | | | |___| |_| |
  |_| |_____|____/ |_|   |____/ |_/_/   \_\_| \_\|_| |_____|____/ 
                                                                  

TEST STARTED: verify JLR login
-------------------------------------------------------------------
]]></system-err>
</testsuite>
